<?xml version="1.0" encoding="UTF-8"?>
<testng-results ignored="0" total="3" passed="3" failed="0" skipped="0">
  <reporter-output>
  </reporter-output>
  <suite started-at="2023-10-11T02:39:14 IST" name="Default suite" finished-at="2023-10-11T02:39:33 IST" duration-ms="19408">
    <groups>
    </groups>
    <test started-at="2023-10-11T02:39:14 IST" name="Default test" finished-at="2023-10-11T02:39:33 IST" duration-ms="19408">
      <class name="AssignmentPackage.AssignmentFive">
        <test-method is-config="true" signature="setupWebDriver()[pri:0, instance:AssignmentPackage.AssignmentFive@31ea9581]" started-at="2023-10-11T02:39:14 IST" name="setupWebDriver" finished-at="2023-10-11T02:39:29 IST" duration-ms="14673" status="PASS">
          <reporter-output>
          </reporter-output>
        </test-method> <!-- setupWebDriver -->
        <test-method signature="verifyAcceptCookiePresenceAndClick()[pri:1, instance:AssignmentPackage.AssignmentFive@31ea9581]" started-at="2023-10-11T02:39:29 IST" name="verifyAcceptCookiePresenceAndClick" finished-at="2023-10-11T02:39:30 IST" duration-ms="852" status="PASS">
          <reporter-output>
          </reporter-output>
        </test-method> <!-- verifyAcceptCookiePresenceAndClick -->
        <test-method signature="verifyAutomationanywherelogo_present()[pri:1, instance:AssignmentPackage.AssignmentFive@31ea9581]" started-at="2023-10-11T02:39:30 IST" name="verifyAutomationanywherelogo_present" finished-at="2023-10-11T02:39:30 IST" duration-ms="255" status="PASS">
          <reporter-output>
          </reporter-output>
        </test-method> <!-- verifyAutomationanywherelogo_present -->
        <test-method signature="verifyEachLinkIsClicked()[pri:2, instance:AssignmentPackage.AssignmentFive@31ea9581]" started-at="2023-10-11T02:39:30 IST" name="verifyEachLinkIsClicked" finished-at="2023-10-11T02:39:31 IST" duration-ms="554" status="PASS">
          <reporter-output>
          </reporter-output>
        </test-method> <!-- verifyEachLinkIsClicked -->
        <test-method is-config="true" signature="closeWebDriver()[pri:0, instance:AssignmentPackage.AssignmentFive@31ea9581]" started-at="2023-10-11T02:39:31 IST" name="closeWebDriver" finished-at="2023-10-11T02:39:33 IST" duration-ms="2795" status="PASS">
          <reporter-output>
          </reporter-output>
        </test-method> <!-- closeWebDriver -->
      </class> <!-- AssignmentPackage.AssignmentFive -->
    </test> <!-- Default test -->
  </suite> <!-- Default suite -->
</testng-results>
