<?xml version="1.0" encoding="UTF-8"?>
<!-- Generated by org.testng.reporters.JUnitXMLReporter -->
<testsuite ignored="2" hostname="LAPTOP-KVMO3D7F" failures="0" tests="1" name="Default test" time="19.185" errors="0" timestamp="2023-10-11T02:59:28 IST">
  <testcase classname="comprehensive_six.ComprehensiveSix" name="uiLinkVerification" time="19.072"/>
  <testcase classname="comprehensive_six.ComprehensiveSix" name="seleniumUILinksVerification" time="0.0">
    <ignored/>
  </testcase> <!-- seleniumUILinksVerification -->
  <testcase classname="comprehensive_six.ComprehensiveSix" name="readExcelData" time="0.0">
    <ignored/>
  </testcase> <!-- readExcelData -->
</testsuite> <!-- Default test -->
