<?xml version="1.0" encoding="UTF-8"?>
<!-- Generated by org.testng.reporters.JUnitXMLReporter -->
<testsuite ignored="1" hostname="LAPTOP-KVMO3D7F" failures="0" tests="3" name="Default test" time="19.408" errors="0" timestamp="2023-10-11T02:39:34 IST">
  <testcase classname="AssignmentPackage.AssignmentFive" name="verifyAcceptCookiePresenceAndClick" time="0.852"/>
  <testcase classname="AssignmentPackage.AssignmentFive" name="verifyAutomationanywherelogo_present" time="0.255"/>
  <testcase classname="AssignmentPackage.AssignmentFive" name="verifyEachLinkIsClicked" time="0.554"/>
  <testcase classname="AssignmentPackage.AssignmentFive" name="verifyAcceptCookiePresenceAndClickReverification" time="0.0">
    <ignored/>
  </testcase> <!-- verifyAcceptCookiePresenceAndClickReverification -->
</testsuite> <!-- Default test -->
